<?xml version="1.0" encoding="UTF-8"?>
<testsuite xmlns:xsi="http://www.w3.org/2001/XMLSchema-instance" xsi:noNamespaceSchemaLocation="https://maven.apache.org/surefire/maven-surefire-plugin/xsd/surefire-test-report-3.0.xsd" version="3.0" name="com.library.BookServiceTest" time="0.812" tests="3" errors="0" skipped="0" failures="1">
  <properties>
[...]
</properties>
  <testcase name="testAddBook" classname="com.library.BookServiceTest" time="0.714">
    <failure message="expected: &lt;Java Programming&gt; but was: &lt;Advanced Java&gt;" type="org.opentest4j.AssertionFailedError"><![CDATA[org.opentest4j.AssertionFailedError: expected: <Java Programming> but was: <Advanced Java>
	at org.junit.jupiter.api.AssertionFailureBuilder.build(AssertionFailureBuilder.java:151)
	at org.junit.jupiter.api.AssertionFailureBuilder.buildAndThrow(AssertionFailureBuilder.java:132)
	at org.junit.jupiter.api.AssertEquals.failNotEqual(AssertEquals.java:197)
	at org.junit.jupiter.api.AssertEquals.assertEquals(AssertEquals.java:182)
	at org.junit.jupiter.api.AssertEquals.assertEquals(AssertEquals.java:177)
	at org.junit.jupiter.api.Assertions.assertEquals(Assertions.java:1141)
	at com.library.BookServiceTest.testAddBook(BookServiceTest.java:25)
	at java.base/java.lang.reflect.Method.invoke(Method.java:568)
	at java.base/java.util.ArrayList.forEach(ArrayList.java:1511)
	at java.base/java.util.ArrayList.forEach(ArrayList.java:1511)
]]></failure>
    <system-out><![CDATA[Livre insÃ©rÃ© avec succÃ¨s !
]]></system-out>
  </testcase>
  <testcase name="testUpdateBook" classname="com.library.BookServiceTest" time="0.026">
    <system-out><![CDATA[Livre insÃ©rÃ© avec succÃ¨s !
Livre mis Ã  jour avec succÃ¨s !
]]></system-out>
  </testcase>
  <testcase name="testDeleteBook" classname="com.library.BookServiceTest" time="0.012">
    <system-out><![CDATA[Livre insÃ©rÃ© avec succÃ¨s !
]]></system-out>
  </testcase>
</testsuite>